<?xml version="1.0" encoding="UTF-8"?>
<!-- Generated by org.testng.reporters.JUnitReportReporter -->
<testsuite skipped="1" hostname="TYSS" name="scripts.TestScipts" tests="2" failures="0" timestamp="07 Jun 2019 11:39:15 GMT" time="37.707" errors="0">
  <testcase name="testSortList" time="37.707" classname="scripts.TestScipts"/>
  <testcase name="testCreateEmployee" classname="scripts.TestScipts">
    <skipped/>
  </testcase> <!-- testCreateEmployee -->
</testsuite> <!-- scripts.TestScipts -->
