<?xml version="1.0" encoding="UTF-8"?>
<!-- Generated by org.testng.reporters.JUnitReportReporter -->
<testsuite hostname="TYSS" name="scripts.TestScipts" tests="1" failures="0" timestamp="7 Jun 2019 13:16:56 GMT" time="21.178" errors="0">
  <testcase name="testSortList" time="21.178" classname="scripts.TestScipts"/>
</testsuite> <!-- scripts.TestScipts -->
